<?xml version="1.0" encoding="UTF-8"?>
<coverage generated="1690427060899" clover="3.2.0">
  <project timestamp="1690427060899" name="All files">
    <metrics statements="9" coveredstatements="4" conditionals="0" coveredconditionals="0" methods="4" coveredmethods="1" elements="13" coveredelements="5" complexity="0" loc="9" ncloc="9" packages="1" files="1" classes="1"/>
    <file name="character.js" path="/Users/israelpadilla/Desktop/epicodus/RPG/src/js/character.js">
      <metrics statements="9" coveredstatements="4" conditionals="0" coveredconditionals="0" methods="4" coveredmethods="1"/>
      <line num="3" count="1" type="stmt"/>
      <line num="4" count="1" type="stmt"/>
      <line num="5" count="1" type="stmt"/>
      <line num="6" count="1" type="stmt"/>
      <line num="10" count="0" type="stmt"/>
      <line num="11" count="0" type="stmt"/>
      <line num="15" count="0" type="stmt"/>
      <line num="16" count="0" type="stmt"/>
      <line num="20" count="0" type="stmt"/>
    </file>
  </project>
</coverage>
